0 verbose cli /opt/homebrew/Cellar/node/25.2.1/bin/node /opt/homebrew/bin/npm
1 info using npm@11.6.2
2 info using node@v25.2.1
3 silly config load:file:/opt/homebrew/lib/node_modules/npm/npmrc
4 silly config load:file:/Users/aman/readlist/.npmrc
5 silly config load:file:/Users/aman/.npmrc
6 silly config load:file:/opt/homebrew/etc/npmrc
7 verbose title npm install
8 verbose argv "install" "--cache" ".npm-cache"
9 verbose logfile logs-max:10 dir:/Users/aman/readlist/.npm-cache/_logs/2025-12-16T03_29_27_508Z-
10 verbose logfile /Users/aman/readlist/.npm-cache/_logs/2025-12-16T03_29_27_508Z-debug-0.log
11 silly logfile done cleaning log files
12 silly packumentCache heap:4496293888 maxSize:1124073472 maxEntrySize:562036736
13 silly idealTree buildDeps
14 silly fetch manifest @supabase/supabase-js@^2.48.0
15 silly packumentCache full:https://registry.npmjs.org/@supabase%2fsupabase-js cache-miss
16 http fetch GET 200 https://registry.npmjs.org/@supabase%2fsupabase-js 191ms (cache miss)
17 silly packumentCache full:https://registry.npmjs.org/@supabase%2fsupabase-js set size:undefined disposed:false
18 silly fetch manifest @supabase/ssr@^0.5.8
19 silly packumentCache full:https://registry.npmjs.org/@supabase%2fssr cache-miss
20 http fetch GET 200 https://registry.npmjs.org/@supabase%2fssr 122ms (cache miss)
21 silly packumentCache full:https://registry.npmjs.org/@supabase%2fssr set size:undefined disposed:false
22 silly placeDep ROOT @supabase/ssr@ OK for: readlist@0.1.0 want: ^0.5.8
23 silly placeDep ROOT @supabase/supabase-js@2.87.3 OK for: readlist@0.1.0 want: ^2.48.0
24 silly fetch manifest @supabase/auth-js@2.87.3
25 silly packumentCache full:https://registry.npmjs.org/@supabase%2fauth-js cache-miss
26 silly fetch manifest @supabase/storage-js@2.87.3
27 silly packumentCache full:https://registry.npmjs.org/@supabase%2fstorage-js cache-miss
28 silly fetch manifest @supabase/realtime-js@2.87.3
29 silly packumentCache full:https://registry.npmjs.org/@supabase%2frealtime-js cache-miss
30 silly fetch manifest @supabase/functions-js@2.87.3
31 silly packumentCache full:https://registry.npmjs.org/@supabase%2ffunctions-js cache-miss
32 silly fetch manifest @supabase/postgrest-js@2.87.3
33 silly packumentCache full:https://registry.npmjs.org/@supabase%2fpostgrest-js cache-miss
34 http fetch GET 200 https://registry.npmjs.org/@supabase%2fauth-js 141ms (cache miss)
35 silly packumentCache full:https://registry.npmjs.org/@supabase%2fauth-js set size:undefined disposed:false
36 http fetch GET 200 https://registry.npmjs.org/@supabase%2fpostgrest-js 146ms (cache miss)
37 silly packumentCache full:https://registry.npmjs.org/@supabase%2fpostgrest-js set size:undefined disposed:false
38 http fetch GET 200 https://registry.npmjs.org/@supabase%2ffunctions-js 169ms (cache miss)
39 silly packumentCache full:https://registry.npmjs.org/@supabase%2ffunctions-js set size:undefined disposed:false
40 http fetch GET 200 https://registry.npmjs.org/@supabase%2fstorage-js 204ms (cache miss)
41 silly packumentCache full:https://registry.npmjs.org/@supabase%2fstorage-js set size:undefined disposed:false
42 http fetch GET 200 https://registry.npmjs.org/@supabase%2frealtime-js 207ms (cache miss)
43 silly packumentCache full:https://registry.npmjs.org/@supabase%2frealtime-js set size:undefined disposed:false
44 silly placeDep ROOT @supabase/auth-js@2.87.3 OK for: @supabase/supabase-js@2.87.3 want: 2.87.3
45 silly placeDep ROOT @supabase/functions-js@2.87.3 OK for: @supabase/supabase-js@2.87.3 want: 2.87.3
46 silly placeDep ROOT @supabase/postgrest-js@2.87.3 OK for: @supabase/supabase-js@2.87.3 want: 2.87.3
47 silly placeDep ROOT @supabase/realtime-js@2.87.3 OK for: @supabase/supabase-js@2.87.3 want: 2.87.3
48 silly placeDep ROOT @supabase/storage-js@2.87.3 OK for: @supabase/supabase-js@2.87.3 want: 2.87.3
49 silly fetch manifest ws@^8.18.2
50 silly packumentCache full:https://registry.npmjs.org/ws cache-miss
51 silly fetch manifest @types/ws@^8.18.1
52 silly packumentCache full:https://registry.npmjs.org/@types%2fws cache-miss
53 silly fetch manifest @types/phoenix@^1.6.6
54 silly packumentCache full:https://registry.npmjs.org/@types%2fphoenix cache-miss
55 silly fetch manifest iceberg-js@^0.8.1
56 silly packumentCache full:https://registry.npmjs.org/iceberg-js cache-miss
57 http fetch GET 200 https://registry.npmjs.org/iceberg-js 37ms (cache miss)
58 silly packumentCache full:https://registry.npmjs.org/iceberg-js set size:undefined disposed:false
59 http fetch GET 200 https://registry.npmjs.org/ws 45ms (cache miss)
60 silly packumentCache full:https://registry.npmjs.org/ws set size:undefined disposed:false
61 http fetch GET 200 https://registry.npmjs.org/@types%2fws 55ms (cache miss)
62 silly packumentCache full:https://registry.npmjs.org/@types%2fws set size:undefined disposed:false
63 http fetch GET 200 https://registry.npmjs.org/@types%2fphoenix 61ms (cache miss)
64 silly packumentCache full:https://registry.npmjs.org/@types%2fphoenix set size:undefined disposed:false
65 silly fetch manifest bufferutil@^4.0.1
66 silly packumentCache full:https://registry.npmjs.org/bufferutil cache-miss
67 http fetch GET 200 https://registry.npmjs.org/bufferutil 47ms (cache miss)
68 silly packumentCache full:https://registry.npmjs.org/bufferutil set size:undefined disposed:false
69 silly fetch manifest utf-8-validate@>=5.0.2
70 silly packumentCache full:https://registry.npmjs.org/utf-8-validate cache-miss
71 http fetch GET 200 https://registry.npmjs.org/utf-8-validate 43ms (cache miss)
72 silly packumentCache full:https://registry.npmjs.org/utf-8-validate set size:undefined disposed:false
73 silly placeDep ROOT @types/phoenix@1.6.7 OK for: @supabase/realtime-js@2.87.3 want: ^1.6.6
74 silly placeDep ROOT @types/ws@8.18.1 OK for: @supabase/realtime-js@2.87.3 want: ^8.18.1
75 silly placeDep ROOT ws@8.18.3 OK for: @supabase/realtime-js@2.87.3 want: ^8.18.2
76 silly placeDep ROOT iceberg-js@0.8.1 OK for: @supabase/storage-js@2.87.3 want: ^0.8.1
77 verbose type range
78 verbose stack @supabase/ssr: No matching version found for @supabase/ssr@^0.5.8.
78 verbose stack     at module.exports (/opt/homebrew/lib/node_modules/npm/node_modules/npm-pick-manifest/lib/index.js:210:23)
78 verbose stack     at RegistryFetcher.manifest (/opt/homebrew/lib/node_modules/npm/node_modules/pacote/lib/registry.js:130:54)
78 verbose stack     at async #fetchManifest (/opt/homebrew/lib/node_modules/npm/node_modules/@npmcli/arborist/lib/arborist/build-ideal-tree.js:1227:20)
78 verbose stack     at async #nodeFromEdge (/opt/homebrew/lib/node_modules/npm/node_modules/@npmcli/arborist/lib/arborist/build-ideal-tree.js:1065:19)
78 verbose stack     at async #buildDepStep (/opt/homebrew/lib/node_modules/npm/node_modules/@npmcli/arborist/lib/arborist/build-ideal-tree.js:929:11)
78 verbose stack     at async Arborist.buildIdealTree (/opt/homebrew/lib/node_modules/npm/node_modules/@npmcli/arborist/lib/arborist/build-ideal-tree.js:182:7)
78 verbose stack     at async Promise.all (index 1)
78 verbose stack     at async Arborist.reify (/opt/homebrew/lib/node_modules/npm/node_modules/@npmcli/arborist/lib/arborist/reify.js:114:5)
78 verbose stack     at async Install.exec (/opt/homebrew/lib/node_modules/npm/lib/commands/install.js:150:5)
78 verbose stack     at async Npm.exec (/opt/homebrew/lib/node_modules/npm/lib/npm.js:208:9)
79 error code ETARGET
80 error notarget No matching version found for @supabase/ssr@^0.5.8.
81 error notarget In most cases you or one of your dependencies are requesting
81 error notarget a package version that doesn't exist.
82 silly unfinished npm timer reify 1765855767591
83 silly unfinished npm timer reify:loadTrees 1765855767591
84 verbose cwd /Users/aman/readlist
85 verbose os Darwin 25.1.0
86 verbose node v25.2.1
87 verbose npm  v11.6.2
88 verbose exit 1
89 verbose code 1
90 error A complete log of this run can be found in: /Users/aman/readlist/.npm-cache/_logs/2025-12-16T03_29_27_508Z-debug-0.log
